<?xml version="1.0" encoding="UTF-8"?>
<!DOCTYPE properties SYSTEM "http://java.sun.com/dtd/properties.dtd">
<properties>
	<comment>test-query.xml file!!!</comment>
	
	<entry key="insert">
		INSERT INTO TB_TEST
		VALUES(?, ?, ?)
	</entry>
	<!-- ? : Placeholder 값이 들어올 자리를 만들어둔다 -->
	
	
	<entry key="update">
		UPDATE TB_TEST SET
		TEST_TITLE = ?,
		TEST_CONTENT = ?
		WHERE TEST_NO = ?
	</entry>
	
	<entry key="delete">
		DELETE FROM TB_TEST
		WHERE TEST_NO = ?
	</entry>
	
	
</properties>
